<?xml version="1.0" encoding="UTF-8"?>
<!-- Generated by org.testng.reporters.JUnitReportReporter -->
<testsuite hostname="DESKTOP-LQJARCK" failures="0" tests="21" name="tests.DouglasTest" time="1355.164" errors="0" timestamp="2025-06-09T13:33:02 IST" skipped="0">
  <testcase classname="tests.DouglasTest" name="verifyPerfumeProductListWithFilters" time="44.907"/>
  <testcase classname="tests.DouglasTest" name="verifyPerfumeProductListWithFilters" time="71.083"/>
  <testcase classname="tests.DouglasTest" name="verifyPerfumeProductListWithFilters" time="44.362"/>
  <testcase classname="tests.DouglasTest" name="verifyPerfumeProductListWithFilters" time="68.940"/>
  <testcase classname="tests.DouglasTest" name="verifyPerfumeProductListWithFilters" time="56.697"/>
  <testcase classname="tests.DouglasTest" name="acceptCookie" time="76.321"/>
  <testcase classname="tests.DouglasTest" name="verifyPerfumeProductListWithFilters" time="83.311"/>
  <testcase classname="tests.DouglasTest" name="verifyPerfumeNavigation" time="66.078"/>
  <testcase classname="tests.DouglasTest" name="verifyPerfumeProductListWithFilters" time="39.196"/>
  <testcase classname="tests.DouglasTest" name="verifyPerfumeProductListWithFilters" time="47.492"/>
  <testcase classname="tests.DouglasTest" name="verifyPerfumeNavigation" time="65.485"/>
  <testcase classname="tests.DouglasTest" name="verifyPerfumeProductListWithFilters" time="71.889"/>
  <testcase classname="tests.DouglasTest" name="verifyPerfumeProductListWithFilters" time="55.282"/>
  <testcase classname="tests.DouglasTest" name="verifyPerfumeProductListWithFilters" time="65.132"/>
  <testcase classname="tests.DouglasTest" name="verifyPerfumeProductListWithFilters" time="46.846"/>
  <testcase classname="tests.DouglasTest" name="verifyPerfumeNavigation" time="80.101"/>
  <testcase classname="tests.DouglasTest" name="acceptCookie" time="94.872"/>
  <testcase classname="tests.DouglasTest" name="acceptCookie" time="113.681"/>
  <testcase classname="tests.DouglasTest" name="verifyPerfumeProductListWithFilters" time="44.225"/>
  <testcase classname="tests.DouglasTest" name="verifyPerfumeProductListWithFilters" time="73.411"/>
  <testcase classname="tests.DouglasTest" name="verifyPerfumeProductListWithFilters" time="45.853"/>
</testsuite> <!-- tests.DouglasTest -->
